Info: Generated by version: 21.1 build 169
Info: Starting: Create block symbol file (.bsf)
Info: qsys-generate /home/user/projects/A10_PR/fpga-partial-reconfig-master/ref_designs/Q21.1_a10_pcie_devkit_pr64/source/static_region/ip/design_top/pcie_mm_clock_crossing_bridge.ip --block-symbol-file --output-directory=/home/user/projects/A10_PR/fpga-partial-reconfig-master/ref_designs/Q21.1_a10_pcie_devkit_pr64/source/static_region/ip/design_top/pcie_mm_clock_crossing_bridge --family="Arria 10" --part=10AX115S2F45I1SG
Info: pcie_mm_clock_crossing_bridge: Component of type st_dc_fifo with latest version is used instead of outdated type altera_avalon_dc_fifo with version .
Info: pcie_mm_clock_crossing_bridge: Component of type st_dc_fifo with latest version is used instead of outdated type altera_avalon_dc_fifo with version .
Info: qsys-generate succeeded.
Info: Finished: Create block symbol file (.bsf)
Info: 
Info: Starting: Create HDL design files for synthesis
Info: qsys-generate /home/user/projects/A10_PR/fpga-partial-reconfig-master/ref_designs/Q21.1_a10_pcie_devkit_pr64/source/static_region/ip/design_top/pcie_mm_clock_crossing_bridge.ip --synthesis=VERILOG --output-directory=/home/user/projects/A10_PR/fpga-partial-reconfig-master/ref_designs/Q21.1_a10_pcie_devkit_pr64/source/static_region/ip/design_top/pcie_mm_clock_crossing_bridge --family="Arria 10" --part=10AX115S2F45I1SG
Info: pcie_mm_clock_crossing_bridge: Component of type st_dc_fifo with latest version is used instead of outdated type altera_avalon_dc_fifo with version .
Info: pcie_mm_clock_crossing_bridge: Component of type st_dc_fifo with latest version is used instead of outdated type altera_avalon_dc_fifo with version .
Info: pcie_mm_clock_crossing_bridge: "Transforming system: pcie_mm_clock_crossing_bridge"
Info: pcie_mm_clock_crossing_bridge: "Naming system components in system: pcie_mm_clock_crossing_bridge"
Info: pcie_mm_clock_crossing_bridge: "Processing generation queue"
Info: pcie_mm_clock_crossing_bridge: "Generating: pcie_mm_clock_crossing_bridge"
Info: pcie_mm_clock_crossing_bridge: "Generating: pcie_mm_clock_crossing_bridge_mm_ccb_1920_5p3ibgq"
Info: my_altera_avalon_dc_fifo_cmd_fifo: "Generating: my_altera_avalon_dc_fifo_cmd_fifo"
Info: my_altera_avalon_dc_fifo_rsp_fifo: "Generating: my_altera_avalon_dc_fifo_rsp_fifo"
Info: pcie_mm_clock_crossing_bridge: "Generating: pcie_mm_clock_crossing_bridge_mm_ccb_st_dc_fifo_1920_mdsb74q"
Info: pcie_mm_clock_crossing_bridge: "Generating: pcie_mm_clock_crossing_bridge_mm_ccb_st_dc_fifo_1920_2lpfjsa"
Info: pcie_mm_clock_crossing_bridge: "Generating: pcie_mm_clock_crossing_bridge_st_dc_fifo_1940_r4vdppy"
Info: pcie_mm_clock_crossing_bridge: Done "pcie_mm_clock_crossing_bridge" with 5 modules, 8 files
Info: qsys-generate succeeded.
Info: Finished: Create HDL design files for synthesis
